[       4ms] [WARNING] crbug/1173575, non-JS module files deprecated. @ chrome://resources/js/load_time_data_deprecated.js:3
[    4649ms] [WARNING] jQuery.Deferred exception: Toc is not defined ReferenceError: Toc is not defined
    at HTMLDocument.<anonymous> (https://docs.temenos.com/docs/js/scriptsHome.js:120:2)
    at e (https://docs.temenos.com/docs/js/jquery_min.js:2:26990)
    at https://docs.temenos.com/docs/js/jquery_min.js:2:27292 undefined @ https://docs.temenos.com/docs/js/jquery_min.js:1
[    4650ms] [WARNING] jQuery.Deferred exception: Cannot read properties of null (reading 'remove') TypeError: Cannot read properties of null (reading 'remove')
    at clearcontent (https://docs.temenos.com/docs/js/scriptsHome.js:224:7)
    at HTMLDocument.<anonymous> (https://docs.temenos.com/docs/js/ga.js:68:4)
    at e (https://docs.temenos.com/docs/js/jquery_min.js:2:26990)
    at https://docs.temenos.com/docs/js/jquery_min.js:2:27292 undefined @ https://docs.temenos.com/docs/js/jquery_min.js:1
[    4652ms] ReferenceError: Toc is not defined
    at HTMLDocument.<anonymous> (https://docs.temenos.com/docs/js/scriptsHome.js:120:2)
    at e (https://docs.temenos.com/docs/js/jquery_min.js:2:26990)
    at https://docs.temenos.com/docs/js/jquery_min.js:2:27292
[    4652ms] TypeError: Cannot read properties of null (reading 'remove')
    at clearcontent (https://docs.temenos.com/docs/js/scriptsHome.js:224:7)
    at HTMLDocument.<anonymous> (https://docs.temenos.com/docs/js/ga.js:68:4)
    at e (https://docs.temenos.com/docs/js/jquery_min.js:2:26990)
    at https://docs.temenos.com/docs/js/jquery_min.js:2:27292
[   14647ms] [LOG] value in box  @ https://docs.temenos.com/docs/js/ga.js:39
[   25833ms] [WARNING] jQuery.Deferred exception: Cannot read properties of null (reading 'remove') TypeError: Cannot read properties of null (reading 'remove')
    at clearcontent (https://docs.temenos.com/docs/Solutions/T24_Transact/Content/js/scripts.js:127:8)
    at HTMLDocument.<anonymous> (https://docs.temenos.com/docs/js/ga.js:68:4)
    at e (https://docs.temenos.com/docs/Solutions/T24_Transact/Content/js/jquery.min.js:2:30158)
    at t (https://docs.temenos.com/docs/Solutions/T24_Transact/Content/js/jquery.min.js:2:30460) undefined @ https://docs.temenos.com/docs/Solutions/T24_Transact/Content/js/jquery.min.js:1
[   25839ms] TypeError: Cannot read properties of null (reading 'remove')
    at clearcontent (https://docs.temenos.com/docs/Solutions/T24_Transact/Content/js/scripts.js:127:8)
    at HTMLDocument.<anonymous> (https://docs.temenos.com/docs/js/ga.js:68:4)
    at e (https://docs.temenos.com/docs/Solutions/T24_Transact/Content/js/jquery.min.js:2:30158)
    at t (https://docs.temenos.com/docs/Solutions/T24_Transact/Content/js/jquery.min.js:2:30460)
[   34683ms] [LOG] value in box  @ https://docs.temenos.com/docs/js/ga.js:39
[   42814ms] Unexpected token 'export'
[   42958ms] TypeError: Cannot read properties of null (reading 'querySelector')
    at HTMLDocument.<anonymous> (https://docs.temenos.com/docs/Solutions/T24_Transact/Roles/Roles/Resources/docs/js/scripts.js:643:25)
[   42980ms] [WARNING] jQuery.Deferred exception: Cannot read properties of null (reading 'remove') TypeError: Cannot read properties of null (reading 'remove')
    at clearcontent (https://docs.temenos.com/docs/Solutions/T24_Transact/Roles/Roles/Resources/docs/js/scripts.js:577:8)
    at HTMLDocument.<anonymous> (https://docs.temenos.com/docs/js/ga.js:68:4)
    at e (https://docs.temenos.com/docs/Solutions/T24_Transact/Roles/Roles/Resources/Scripts/jquery.min.js:4:30005)
    at t (https://docs.temenos.com/docs/Solutions/T24_Transact/Roles/Roles/Resources/Scripts/jquery.min.js:4:30307) undefined @ https://docs.temenos.com/docs/Solutions/T24_Transact/Roles/Roles/Resources/Scripts/jquery.min.js:3
[   42982ms] [WARNING] jQuery.Deferred exception: Cannot read properties of null (reading 'addEventListener') TypeError: Cannot read properties of null (reading 'addEventListener')
    at HTMLDocument.<anonymous> (https://docs.temenos.com/docs/Solutions/T24_Transact/Roles/Roles/Resources/docs/js/scripts.js:78:14)
    at e (https://docs.temenos.com/docs/Solutions/T24_Transact/Roles/Roles/Resources/Scripts/jquery.min.js:4:30005)
    at t (https://docs.temenos.com/docs/Solutions/T24_Transact/Roles/Roles/Resources/Scripts/jquery.min.js:4:30307) undefined @ https://docs.temenos.com/docs/Solutions/T24_Transact/Roles/Roles/Resources/Scripts/jquery.min.js:3
[   42983ms] [WARNING] jQuery.Deferred exception: $(...).rwdImageMaps is not a function TypeError: $(...).rwdImageMaps is not a function
    at HTMLDocument.<anonymous> (https://docs.temenos.com/docs/Solutions/T24_Transact/Roles/Roles/Resources/docs/js/scripts.js:558:20)
    at e (https://docs.temenos.com/docs/Solutions/T24_Transact/Roles/Roles/Resources/Scripts/jquery.min.js:4:30005)
    at t (https://docs.temenos.com/docs/Solutions/T24_Transact/Roles/Roles/Resources/Scripts/jquery.min.js:4:30307) undefined @ https://docs.temenos.com/docs/Solutions/T24_Transact/Roles/Roles/Resources/Scripts/jquery.min.js:3
[   42984ms] [WARNING] jQuery.Deferred exception: Cannot read properties of null (reading 'remove') TypeError: Cannot read properties of null (reading 'remove')
    at clearcontent (https://docs.temenos.com/docs/Solutions/T24_Transact/Roles/Roles/Resources/docs/js/scripts.js:577:8)
    at HTMLDocument.<anonymous> (https://docs.temenos.com/docs/Solutions/T24_Transact/Roles/Roles/Resources/docs/js/scripts.js:588:4)
    at e (https://docs.temenos.com/docs/Solutions/T24_Transact/Roles/Roles/Resources/Scripts/jquery.min.js:4:30005)
    at t (https://docs.temenos.com/docs/Solutions/T24_Transact/Roles/Roles/Resources/Scripts/jquery.min.js:4:30307) undefined @ https://docs.temenos.com/docs/Solutions/T24_Transact/Roles/Roles/Resources/Scripts/jquery.min.js:3
[   42984ms] [WARNING] jQuery.Deferred exception: Cannot read properties of null (reading 'addEventListener') TypeError: Cannot read properties of null (reading 'addEventListener')
    at HTMLDocument.<anonymous> (https://docs.temenos.com/docs/Solutions/T24_Transact/Roles/Roles/Resources/docs/js/scripts.js:631:37)
    at e (https://docs.temenos.com/docs/Solutions/T24_Transact/Roles/Roles/Resources/Scripts/jquery.min.js:4:30005)
    at t (https://docs.temenos.com/docs/Solutions/T24_Transact/Roles/Roles/Resources/Scripts/jquery.min.js:4:30307) undefined @ https://docs.temenos.com/docs/Solutions/T24_Transact/Roles/Roles/Resources/Scripts/jquery.min.js:3
[   43002ms] TypeError: Cannot read properties of null (reading 'remove')
    at clearcontent (https://docs.temenos.com/docs/Solutions/T24_Transact/Roles/Roles/Resources/docs/js/scripts.js:577:8)
    at HTMLDocument.<anonymous> (https://docs.temenos.com/docs/js/ga.js:68:4)
    at e (https://docs.temenos.com/docs/Solutions/T24_Transact/Roles/Roles/Resources/Scripts/jquery.min.js:4:30005)
    at t (https://docs.temenos.com/docs/Solutions/T24_Transact/Roles/Roles/Resources/Scripts/jquery.min.js:4:30307)
[   43002ms] TypeError: Cannot read properties of null (reading 'addEventListener')
    at HTMLDocument.<anonymous> (https://docs.temenos.com/docs/Solutions/T24_Transact/Roles/Roles/Resources/docs/js/scripts.js:78:14)
    at e (https://docs.temenos.com/docs/Solutions/T24_Transact/Roles/Roles/Resources/Scripts/jquery.min.js:4:30005)
    at t (https://docs.temenos.com/docs/Solutions/T24_Transact/Roles/Roles/Resources/Scripts/jquery.min.js:4:30307)
[   43002ms] TypeError: $(...).rwdImageMaps is not a function
    at HTMLDocument.<anonymous> (https://docs.temenos.com/docs/Solutions/T24_Transact/Roles/Roles/Resources/docs/js/scripts.js:558:20)
    at e (https://docs.temenos.com/docs/Solutions/T24_Transact/Roles/Roles/Resources/Scripts/jquery.min.js:4:30005)
    at t (https://docs.temenos.com/docs/Solutions/T24_Transact/Roles/Roles/Resources/Scripts/jquery.min.js:4:30307)
[   43002ms] TypeError: Cannot read properties of null (reading 'remove')
    at clearcontent (https://docs.temenos.com/docs/Solutions/T24_Transact/Roles/Roles/Resources/docs/js/scripts.js:577:8)
    at HTMLDocument.<anonymous> (https://docs.temenos.com/docs/Solutions/T24_Transact/Roles/Roles/Resources/docs/js/scripts.js:588:4)
    at e (https://docs.temenos.com/docs/Solutions/T24_Transact/Roles/Roles/Resources/Scripts/jquery.min.js:4:30005)
    at t (https://docs.temenos.com/docs/Solutions/T24_Transact/Roles/Roles/Resources/Scripts/jquery.min.js:4:30307)
[   43002ms] TypeError: Cannot read properties of null (reading 'addEventListener')
    at HTMLDocument.<anonymous> (https://docs.temenos.com/docs/Solutions/T24_Transact/Roles/Roles/Resources/docs/js/scripts.js:631:37)
    at e (https://docs.temenos.com/docs/Solutions/T24_Transact/Roles/Roles/Resources/Scripts/jquery.min.js:4:30005)
    at t (https://docs.temenos.com/docs/Solutions/T24_Transact/Roles/Roles/Resources/Scripts/jquery.min.js:4:30307)
[   43715ms] Error: Syntax error, unrecognized expression: #
    at se.error (https://docs.temenos.com/docs/Solutions/T24_Transact/Roles/Roles/Resources/Scripts/jquery.min.js:4:13606)
    at se.tokenize (https://docs.temenos.com/docs/Solutions/T24_Transact/Roles/Roles/Resources/Scripts/jquery.min.js:4:21617)
    at se.select (https://docs.temenos.com/docs/Solutions/T24_Transact/Roles/Roles/Resources/Scripts/jquery.min.js:4:22444)
    at S.se [as find] (https://docs.temenos.com/docs/Solutions/T24_Transact/Roles/Roles/Resources/Scripts/jquery.min.js:4:7089)
    at S.fn.init.find (https://docs.temenos.com/docs/Solutions/T24_Transact/Roles/Roles/Resources/Scripts/jquery.min.js:4:25014)
    at new S.fn.init (https://docs.temenos.com/docs/Solutions/T24_Transact/Roles/Roles/Resources/Scripts/jquery.min.js:4:25503)
    at S (https://docs.temenos.com/docs/Solutions/T24_Transact/Roles/Roles/Resources/Scripts/jquery.min.js:4:1024)
    at HTMLDivElement.<anonymous> (https://docs.temenos.com/docs/Solutions/T24_Transact/Roles/Roles/Resources/docs/js/scripts.js:125:22)
    at r.complete (https://docs.temenos.com/docs/Solutions/T24_Transact/Roles/Roles/Resources/Scripts/jquery.min.js:4:62908)
    at c (https://docs.temenos.com/docs/Solutions/T24_Transact/Roles/Roles/Resources/Scripts/jquery.min.js:4:28294)
[   51941ms] Unexpected token 'export'
[   52483ms] TypeError: Cannot read properties of null (reading 'querySelector')
    at HTMLDocument.<anonymous> (https://docs.temenos.com/docs/Solutions/T24_Transact/Roles/Roles/Resources/docs/js/scripts.js:643:25)
[   52486ms] [WARNING] jQuery.Deferred exception: Cannot read properties of null (reading 'remove') TypeError: Cannot read properties of null (reading 'remove')
    at clearcontent (https://docs.temenos.com/docs/Solutions/T24_Transact/Roles/Roles/Resources/docs/js/scripts.js:577:8)
    at HTMLDocument.<anonymous> (https://docs.temenos.com/docs/js/ga.js:68:4)
    at e (https://docs.temenos.com/docs/Solutions/T24_Transact/Roles/Roles/Resources/Scripts/jquery.min.js:4:30005)
    at t (https://docs.temenos.com/docs/Solutions/T24_Transact/Roles/Roles/Resources/Scripts/jquery.min.js:4:30307) undefined @ https://docs.temenos.com/docs/Solutions/T24_Transact/Roles/Roles/Resources/Scripts/jquery.min.js:3
[   52494ms] [WARNING] jQuery.Deferred exception: Cannot read properties of null (reading 'addEventListener') TypeError: Cannot read properties of null (reading 'addEventListener')
    at HTMLDocument.<anonymous> (https://docs.temenos.com/docs/Solutions/T24_Transact/Roles/Roles/Resources/docs/js/scripts.js:78:14)
    at e (https://docs.temenos.com/docs/Solutions/T24_Transact/Roles/Roles/Resources/Scripts/jquery.min.js:4:30005)
    at t (https://docs.temenos.com/docs/Solutions/T24_Transact/Roles/Roles/Resources/Scripts/jquery.min.js:4:30307) undefined @ https://docs.temenos.com/docs/Solutions/T24_Transact/Roles/Roles/Resources/Scripts/jquery.min.js:3
[   52496ms] [WARNING] jQuery.Deferred exception: $(...).rwdImageMaps is not a function TypeError: $(...).rwdImageMaps is not a function
    at HTMLDocument.<anonymous> (https://docs.temenos.com/docs/Solutions/T24_Transact/Roles/Roles/Resources/docs/js/scripts.js:558:20)
    at e (https://docs.temenos.com/docs/Solutions/T24_Transact/Roles/Roles/Resources/Scripts/jquery.min.js:4:30005)
    at t (https://docs.temenos.com/docs/Solutions/T24_Transact/Roles/Roles/Resources/Scripts/jquery.min.js:4:30307) undefined @ https://docs.temenos.com/docs/Solutions/T24_Transact/Roles/Roles/Resources/Scripts/jquery.min.js:3
[   52497ms] [WARNING] jQuery.Deferred exception: Cannot read properties of null (reading 'remove') TypeError: Cannot read properties of null (reading 'remove')
    at clearcontent (https://docs.temenos.com/docs/Solutions/T24_Transact/Roles/Roles/Resources/docs/js/scripts.js:577:8)
    at HTMLDocument.<anonymous> (https://docs.temenos.com/docs/Solutions/T24_Transact/Roles/Roles/Resources/docs/js/scripts.js:588:4)
    at e (https://docs.temenos.com/docs/Solutions/T24_Transact/Roles/Roles/Resources/Scripts/jquery.min.js:4:30005)
    at t (https://docs.temenos.com/docs/Solutions/T24_Transact/Roles/Roles/Resources/Scripts/jquery.min.js:4:30307) undefined @ https://docs.temenos.com/docs/Solutions/T24_Transact/Roles/Roles/Resources/Scripts/jquery.min.js:3
[   52497ms] [WARNING] jQuery.Deferred exception: Cannot read properties of null (reading 'addEventListener') TypeError: Cannot read properties of null (reading 'addEventListener')
    at HTMLDocument.<anonymous> (https://docs.temenos.com/docs/Solutions/T24_Transact/Roles/Roles/Resources/docs/js/scripts.js:631:37)
    at e (https://docs.temenos.com/docs/Solutions/T24_Transact/Roles/Roles/Resources/Scripts/jquery.min.js:4:30005)
    at t (https://docs.temenos.com/docs/Solutions/T24_Transact/Roles/Roles/Resources/Scripts/jquery.min.js:4:30307) undefined @ https://docs.temenos.com/docs/Solutions/T24_Transact/Roles/Roles/Resources/Scripts/jquery.min.js:3
[   52515ms] TypeError: Cannot read properties of null (reading 'remove')
    at clearcontent (https://docs.temenos.com/docs/Solutions/T24_Transact/Roles/Roles/Resources/docs/js/scripts.js:577:8)
    at HTMLDocument.<anonymous> (https://docs.temenos.com/docs/js/ga.js:68:4)
    at e (https://docs.temenos.com/docs/Solutions/T24_Transact/Roles/Roles/Resources/Scripts/jquery.min.js:4:30005)
    at t (https://docs.temenos.com/docs/Solutions/T24_Transact/Roles/Roles/Resources/Scripts/jquery.min.js:4:30307)
[   52515ms] TypeError: Cannot read properties of null (reading 'addEventListener')
    at HTMLDocument.<anonymous> (https://docs.temenos.com/docs/Solutions/T24_Transact/Roles/Roles/Resources/docs/js/scripts.js:78:14)
    at e (https://docs.temenos.com/docs/Solutions/T24_Transact/Roles/Roles/Resources/Scripts/jquery.min.js:4:30005)
    at t (https://docs.temenos.com/docs/Solutions/T24_Transact/Roles/Roles/Resources/Scripts/jquery.min.js:4:30307)
[   52515ms] TypeError: $(...).rwdImageMaps is not a function
    at HTMLDocument.<anonymous> (https://docs.temenos.com/docs/Solutions/T24_Transact/Roles/Roles/Resources/docs/js/scripts.js:558:20)
    at e (https://docs.temenos.com/docs/Solutions/T24_Transact/Roles/Roles/Resources/Scripts/jquery.min.js:4:30005)
    at t (https://docs.temenos.com/docs/Solutions/T24_Transact/Roles/Roles/Resources/Scripts/jquery.min.js:4:30307)
[   52515ms] TypeError: Cannot read properties of null (reading 'remove')
    at clearcontent (https://docs.temenos.com/docs/Solutions/T24_Transact/Roles/Roles/Resources/docs/js/scripts.js:577:8)
    at HTMLDocument.<anonymous> (https://docs.temenos.com/docs/Solutions/T24_Transact/Roles/Roles/Resources/docs/js/scripts.js:588:4)
    at e (https://docs.temenos.com/docs/Solutions/T24_Transact/Roles/Roles/Resources/Scripts/jquery.min.js:4:30005)
    at t (https://docs.temenos.com/docs/Solutions/T24_Transact/Roles/Roles/Resources/Scripts/jquery.min.js:4:30307)
[   52515ms] TypeError: Cannot read properties of null (reading 'addEventListener')
    at HTMLDocument.<anonymous> (https://docs.temenos.com/docs/Solutions/T24_Transact/Roles/Roles/Resources/docs/js/scripts.js:631:37)
    at e (https://docs.temenos.com/docs/Solutions/T24_Transact/Roles/Roles/Resources/Scripts/jquery.min.js:4:30005)
    at t (https://docs.temenos.com/docs/Solutions/T24_Transact/Roles/Roles/Resources/Scripts/jquery.min.js:4:30307)
[   53118ms] Error: Syntax error, unrecognized expression: #
    at se.error (https://docs.temenos.com/docs/Solutions/T24_Transact/Roles/Roles/Resources/Scripts/jquery.min.js:4:13606)
    at se.tokenize (https://docs.temenos.com/docs/Solutions/T24_Transact/Roles/Roles/Resources/Scripts/jquery.min.js:4:21617)
    at se.select (https://docs.temenos.com/docs/Solutions/T24_Transact/Roles/Roles/Resources/Scripts/jquery.min.js:4:22444)
    at S.se [as find] (https://docs.temenos.com/docs/Solutions/T24_Transact/Roles/Roles/Resources/Scripts/jquery.min.js:4:7089)
    at S.fn.init.find (https://docs.temenos.com/docs/Solutions/T24_Transact/Roles/Roles/Resources/Scripts/jquery.min.js:4:25014)
    at new S.fn.init (https://docs.temenos.com/docs/Solutions/T24_Transact/Roles/Roles/Resources/Scripts/jquery.min.js:4:25503)
    at S (https://docs.temenos.com/docs/Solutions/T24_Transact/Roles/Roles/Resources/Scripts/jquery.min.js:4:1024)
    at HTMLDivElement.<anonymous> (https://docs.temenos.com/docs/Solutions/T24_Transact/Roles/Roles/Resources/docs/js/scripts.js:125:22)
    at r.complete (https://docs.temenos.com/docs/Solutions/T24_Transact/Roles/Roles/Resources/Scripts/jquery.min.js:4:62908)
    at c (https://docs.temenos.com/docs/Solutions/T24_Transact/Roles/Roles/Resources/Scripts/jquery.min.js:4:28294)
[   61942ms] [LOG] value in box  @ https://docs.temenos.com/docs/js/ga.js:39
[   62202ms] Error: Syntax error, unrecognized expression: #
    at se.error (https://docs.temenos.com/docs/Solutions/T24_Transact/Roles/Roles/Resources/Scripts/jquery.min.js:4:13606)
    at se.tokenize (https://docs.temenos.com/docs/Solutions/T24_Transact/Roles/Roles/Resources/Scripts/jquery.min.js:4:21617)
    at se.select (https://docs.temenos.com/docs/Solutions/T24_Transact/Roles/Roles/Resources/Scripts/jquery.min.js:4:22444)
    at S.se [as find] (https://docs.temenos.com/docs/Solutions/T24_Transact/Roles/Roles/Resources/Scripts/jquery.min.js:4:7089)
    at S.fn.init.find (https://docs.temenos.com/docs/Solutions/T24_Transact/Roles/Roles/Resources/Scripts/jquery.min.js:4:25014)
    at new S.fn.init (https://docs.temenos.com/docs/Solutions/T24_Transact/Roles/Roles/Resources/Scripts/jquery.min.js:4:25503)
    at S (https://docs.temenos.com/docs/Solutions/T24_Transact/Roles/Roles/Resources/Scripts/jquery.min.js:4:1024)
    at HTMLAnchorElement.<anonymous> (https://docs.temenos.com/docs/Solutions/T24_Transact/Roles/Roles/Resources/docs/js/scripts.js:475:22)
    at HTMLAnchorElement.dispatch (https://docs.temenos.com/docs/Solutions/T24_Transact/Roles/Roles/Resources/Scripts/jquery.min.js:4:43090)
    at v.handle (https://docs.temenos.com/docs/Solutions/T24_Transact/Roles/Roles/Resources/Scripts/jquery.min.js:4:41074)
[  123962ms] [LOG] value in box customer creation @ https://docs.temenos.com/docs/Solutions/T24_Transact/Roles/Roles/Resources/docs/js/scripts.js:312
[  125293ms] Unexpected token 'export'
[  125913ms] TypeError: Cannot read properties of null (reading 'querySelector')
    at HTMLDocument.<anonymous> (https://docs.temenos.com/docs/Solutions/T24_Transact/Roles/Roles/Resources/docs/js/scripts.js:643:25)
[  125935ms] [WARNING] jQuery.Deferred exception: Cannot read properties of null (reading 'remove') TypeError: Cannot read properties of null (reading 'remove')
    at clearcontent (https://docs.temenos.com/docs/Solutions/T24_Transact/Roles/Roles/Resources/docs/js/scripts.js:577:8)
    at HTMLDocument.<anonymous> (https://docs.temenos.com/docs/js/ga.js:68:4)
    at e (https://docs.temenos.com/docs/Solutions/T24_Transact/Roles/Roles/Resources/Scripts/jquery.min.js:4:30005)
    at t (https://docs.temenos.com/docs/Solutions/T24_Transact/Roles/Roles/Resources/Scripts/jquery.min.js:4:30307) undefined @ https://docs.temenos.com/docs/Solutions/T24_Transact/Roles/Roles/Resources/Scripts/jquery.min.js:3
[  125941ms] [WARNING] jQuery.Deferred exception: Cannot read properties of null (reading 'addEventListener') TypeError: Cannot read properties of null (reading 'addEventListener')
    at HTMLDocument.<anonymous> (https://docs.temenos.com/docs/Solutions/T24_Transact/Roles/Roles/Resources/docs/js/scripts.js:78:14)
    at e (https://docs.temenos.com/docs/Solutions/T24_Transact/Roles/Roles/Resources/Scripts/jquery.min.js:4:30005)
    at t (https://docs.temenos.com/docs/Solutions/T24_Transact/Roles/Roles/Resources/Scripts/jquery.min.js:4:30307) undefined @ https://docs.temenos.com/docs/Solutions/T24_Transact/Roles/Roles/Resources/Scripts/jquery.min.js:3
[  125943ms] [WARNING] jQuery.Deferred exception: $(...).rwdImageMaps is not a function TypeError: $(...).rwdImageMaps is not a function
    at HTMLDocument.<anonymous> (https://docs.temenos.com/docs/Solutions/T24_Transact/Roles/Roles/Resources/docs/js/scripts.js:558:20)
    at e (https://docs.temenos.com/docs/Solutions/T24_Transact/Roles/Roles/Resources/Scripts/jquery.min.js:4:30005)
    at t (https://docs.temenos.com/docs/Solutions/T24_Transact/Roles/Roles/Resources/Scripts/jquery.min.js:4:30307) undefined @ https://docs.temenos.com/docs/Solutions/T24_Transact/Roles/Roles/Resources/Scripts/jquery.min.js:3
[  125943ms] [WARNING] jQuery.Deferred exception: Cannot read properties of null (reading 'remove') TypeError: Cannot read properties of null (reading 'remove')
    at clearcontent (https://docs.temenos.com/docs/Solutions/T24_Transact/Roles/Roles/Resources/docs/js/scripts.js:577:8)
    at HTMLDocument.<anonymous> (https://docs.temenos.com/docs/Solutions/T24_Transact/Roles/Roles/Resources/docs/js/scripts.js:588:4)
    at e (https://docs.temenos.com/docs/Solutions/T24_Transact/Roles/Roles/Resources/Scripts/jquery.min.js:4:30005)
    at t (https://docs.temenos.com/docs/Solutions/T24_Transact/Roles/Roles/Resources/Scripts/jquery.min.js:4:30307) undefined @ https://docs.temenos.com/docs/Solutions/T24_Transact/Roles/Roles/Resources/Scripts/jquery.min.js:3
[  125943ms] [WARNING] jQuery.Deferred exception: Cannot read properties of null (reading 'addEventListener') TypeError: Cannot read properties of null (reading 'addEventListener')
    at HTMLDocument.<anonymous> (https://docs.temenos.com/docs/Solutions/T24_Transact/Roles/Roles/Resources/docs/js/scripts.js:631:37)
    at e (https://docs.temenos.com/docs/Solutions/T24_Transact/Roles/Roles/Resources/Scripts/jquery.min.js:4:30005)
    at t (https://docs.temenos.com/docs/Solutions/T24_Transact/Roles/Roles/Resources/Scripts/jquery.min.js:4:30307) undefined @ https://docs.temenos.com/docs/Solutions/T24_Transact/Roles/Roles/Resources/Scripts/jquery.min.js:3
[  125959ms] TypeError: Cannot read properties of null (reading 'remove')
    at clearcontent (https://docs.temenos.com/docs/Solutions/T24_Transact/Roles/Roles/Resources/docs/js/scripts.js:577:8)
    at HTMLDocument.<anonymous> (https://docs.temenos.com/docs/js/ga.js:68:4)
    at e (https://docs.temenos.com/docs/Solutions/T24_Transact/Roles/Roles/Resources/Scripts/jquery.min.js:4:30005)
    at t (https://docs.temenos.com/docs/Solutions/T24_Transact/Roles/Roles/Resources/Scripts/jquery.min.js:4:30307)
[  125959ms] TypeError: Cannot read properties of null (reading 'addEventListener')
    at HTMLDocument.<anonymous> (https://docs.temenos.com/docs/Solutions/T24_Transact/Roles/Roles/Resources/docs/js/scripts.js:78:14)
    at e (https://docs.temenos.com/docs/Solutions/T24_Transact/Roles/Roles/Resources/Scripts/jquery.min.js:4:30005)
    at t (https://docs.temenos.com/docs/Solutions/T24_Transact/Roles/Roles/Resources/Scripts/jquery.min.js:4:30307)
[  125959ms] TypeError: $(...).rwdImageMaps is not a function
    at HTMLDocument.<anonymous> (https://docs.temenos.com/docs/Solutions/T24_Transact/Roles/Roles/Resources/docs/js/scripts.js:558:20)
    at e (https://docs.temenos.com/docs/Solutions/T24_Transact/Roles/Roles/Resources/Scripts/jquery.min.js:4:30005)
    at t (https://docs.temenos.com/docs/Solutions/T24_Transact/Roles/Roles/Resources/Scripts/jquery.min.js:4:30307)
[  125959ms] TypeError: Cannot read properties of null (reading 'remove')
    at clearcontent (https://docs.temenos.com/docs/Solutions/T24_Transact/Roles/Roles/Resources/docs/js/scripts.js:577:8)
    at HTMLDocument.<anonymous> (https://docs.temenos.com/docs/Solutions/T24_Transact/Roles/Roles/Resources/docs/js/scripts.js:588:4)
    at e (https://docs.temenos.com/docs/Solutions/T24_Transact/Roles/Roles/Resources/Scripts/jquery.min.js:4:30005)
    at t (https://docs.temenos.com/docs/Solutions/T24_Transact/Roles/Roles/Resources/Scripts/jquery.min.js:4:30307)
[  125959ms] TypeError: Cannot read properties of null (reading 'addEventListener')
    at HTMLDocument.<anonymous> (https://docs.temenos.com/docs/Solutions/T24_Transact/Roles/Roles/Resources/docs/js/scripts.js:631:37)
    at e (https://docs.temenos.com/docs/Solutions/T24_Transact/Roles/Roles/Resources/Scripts/jquery.min.js:4:30005)
    at t (https://docs.temenos.com/docs/Solutions/T24_Transact/Roles/Roles/Resources/Scripts/jquery.min.js:4:30307)
[  126569ms] Error: Syntax error, unrecognized expression: #
    at se.error (https://docs.temenos.com/docs/Solutions/T24_Transact/Roles/Roles/Resources/Scripts/jquery.min.js:4:13606)
    at se.tokenize (https://docs.temenos.com/docs/Solutions/T24_Transact/Roles/Roles/Resources/Scripts/jquery.min.js:4:21617)
    at se.select (https://docs.temenos.com/docs/Solutions/T24_Transact/Roles/Roles/Resources/Scripts/jquery.min.js:4:22444)
    at S.se [as find] (https://docs.temenos.com/docs/Solutions/T24_Transact/Roles/Roles/Resources/Scripts/jquery.min.js:4:7089)
    at S.fn.init.find (https://docs.temenos.com/docs/Solutions/T24_Transact/Roles/Roles/Resources/Scripts/jquery.min.js:4:25014)
    at new S.fn.init (https://docs.temenos.com/docs/Solutions/T24_Transact/Roles/Roles/Resources/Scripts/jquery.min.js:4:25503)
    at S (https://docs.temenos.com/docs/Solutions/T24_Transact/Roles/Roles/Resources/Scripts/jquery.min.js:4:1024)
    at HTMLDivElement.<anonymous> (https://docs.temenos.com/docs/Solutions/T24_Transact/Roles/Roles/Resources/docs/js/scripts.js:125:22)
    at r.complete (https://docs.temenos.com/docs/Solutions/T24_Transact/Roles/Roles/Resources/Scripts/jquery.min.js:4:62908)
    at c (https://docs.temenos.com/docs/Solutions/T24_Transact/Roles/Roles/Resources/Scripts/jquery.min.js:4:28294)
[  135264ms] [LOG] value in box  @ https://docs.temenos.com/docs/js/ga.js:39
