[    2174ms] ReferenceError: AOS is not defined
    at https://docs.temenos.com/docs/Search.php?start=0&rows=10&facet.field=category&q=customer%20creation:1804:5
[    2177ms] [WARNING] jQuery.Deferred exception: Cannot read properties of null (reading 'remove') TypeError: Cannot read properties of null (reading 'remove')
    at clearcontent (https://docs.temenos.com/docs/js/scripts_Search.js:135:7)
    at HTMLDocument.<anonymous> (https://docs.temenos.com/docs/js/scripts_Search.js:146:1)
    at j (https://cdnjs.cloudflare.com/ajax/libs/jquery/3.2.1/jquery.min.js:2:29999)
    at https://cdnjs.cloudflare.com/ajax/libs/jquery/3.2.1/jquery.min.js:2:30313 undefined @ https://cdnjs.cloudflare.com/ajax/libs/jquery/3.2.1/jquery.min.js:1
[    2181ms] [WARNING] jQuery.Deferred exception: pageNumber is not defined ReferenceError: pageNumber is not defined
    at HTMLDocument.<anonymous> (https://docs.temenos.com/docs/Search.php?start=0&rows=10&facet.field=category&q=customer%20creation:1673:59)
    at j (https://cdnjs.cloudflare.com/ajax/libs/jquery/3.2.1/jquery.min.js:2:29999)
    at https://cdnjs.cloudflare.com/ajax/libs/jquery/3.2.1/jquery.min.js:2:30313 undefined @ https://cdnjs.cloudflare.com/ajax/libs/jquery/3.2.1/jquery.min.js:1
[    2183ms] Uncaught TypeError: Cannot read properties of null (reading 'remove')
    at clearcontent (https://docs.temenos.com/docs/js/scripts_Search.js:134:6)
    at <anonymous> (https://docs.temenos.com/docs/js/scripts_Search.js:145:0)
    at j (https://cdnjs.cloudflare.com/ajax/libs/jquery/3.2.1/jquery.min.js:1:29998)
    at <anonymous> (https://cdnjs.cloudflare.com/ajax/libs/jquery/3.2.1/jquery.min.js:1:30312)
[    2183ms] Uncaught ReferenceError: pageNumber is not defined
    at <anonymous> (https://docs.temenos.com/docs/Search.php?start=0&rows=10&facet.field=category&q=customer%20creation:1672:58)
    at j (https://cdnjs.cloudflare.com/ajax/libs/jquery/3.2.1/jquery.min.js:1:29998)
    at <anonymous> (https://cdnjs.cloudflare.com/ajax/libs/jquery/3.2.1/jquery.min.js:1:30312)
[   30646ms] ReferenceError: AOS is not defined
    at https://docs.temenos.com/docs/Search.php?start=0&rows=10&facet.field=category&lastfq=&q=customer+creation+process&start=0&rows=10&facet.field=category&lastfq=:1812:5
[   30650ms] [WARNING] jQuery.Deferred exception: Cannot read properties of null (reading 'remove') TypeError: Cannot read properties of null (reading 'remove')
    at clearcontent (https://docs.temenos.com/docs/js/scripts_Search.js:135:7)
    at HTMLDocument.<anonymous> (https://docs.temenos.com/docs/js/scripts_Search.js:146:1)
    at j (https://cdnjs.cloudflare.com/ajax/libs/jquery/3.2.1/jquery.min.js:2:29999)
    at https://cdnjs.cloudflare.com/ajax/libs/jquery/3.2.1/jquery.min.js:2:30313 undefined @ https://cdnjs.cloudflare.com/ajax/libs/jquery/3.2.1/jquery.min.js:1
[   30653ms] [WARNING] jQuery.Deferred exception: pageNumber is not defined ReferenceError: pageNumber is not defined
    at HTMLDocument.<anonymous> (https://docs.temenos.com/docs/Search.php?start=0&rows=10&facet.field=category&lastfq=&q=customer+creation+process&start=0&rows=10&facet.field=category&lastfq=:1681:59)
    at j (https://cdnjs.cloudflare.com/ajax/libs/jquery/3.2.1/jquery.min.js:2:29999)
    at https://cdnjs.cloudflare.com/ajax/libs/jquery/3.2.1/jquery.min.js:2:30313 undefined @ https://cdnjs.cloudflare.com/ajax/libs/jquery/3.2.1/jquery.min.js:1
[   30657ms] Uncaught TypeError: Cannot read properties of null (reading 'remove')
    at clearcontent (https://docs.temenos.com/docs/js/scripts_Search.js:134:6)
    at <anonymous> (https://docs.temenos.com/docs/js/scripts_Search.js:145:0)
    at j (https://cdnjs.cloudflare.com/ajax/libs/jquery/3.2.1/jquery.min.js:1:29998)
    at <anonymous> (https://cdnjs.cloudflare.com/ajax/libs/jquery/3.2.1/jquery.min.js:1:30312)
[   30657ms] Uncaught ReferenceError: pageNumber is not defined
    at <anonymous> (https://docs.temenos.com/docs/Search.php?start=0&rows=10&facet.field=category&lastfq=&q=customer+creation+process&start=0&rows=10&facet.field=category&lastfq=:1680:58)
    at j (https://cdnjs.cloudflare.com/ajax/libs/jquery/3.2.1/jquery.min.js:1:29998)
    at <anonymous> (https://cdnjs.cloudflare.com/ajax/libs/jquery/3.2.1/jquery.min.js:1:30312)
