[    2575ms] Unexpected token 'export'
[    4005ms] TypeError: Cannot read properties of null (reading 'querySelector')
    at HTMLDocument.<anonymous> (https://docs.temenos.com/docs/Solutions/T24_Transact/Accounts/AC/Resources/docs/js/scripts.js:643:25)
[    4026ms] [WARNING] jQuery.Deferred exception: Cannot read properties of null (reading 'remove') TypeError: Cannot read properties of null (reading 'remove')
    at clearcontent (https://docs.temenos.com/docs/Solutions/T24_Transact/Accounts/AC/Resources/docs/js/scripts.js:577:8)
    at HTMLDocument.<anonymous> (https://docs.temenos.com/docs/js/ga.js:68:4)
    at e (https://docs.temenos.com/docs/Solutions/T24_Transact/Accounts/AC/Resources/Scripts/jquery.min.js:4:30005)
    at t (https://docs.temenos.com/docs/Solutions/T24_Transact/Accounts/AC/Resources/Scripts/jquery.min.js:4:30307) undefined @ https://docs.temenos.com/docs/Solutions/T24_Transact/Accounts/AC/Resources/Scripts/jquery.min.js:3
[    4030ms] [WARNING] jQuery.Deferred exception: Cannot read properties of null (reading 'addEventListener') TypeError: Cannot read properties of null (reading 'addEventListener')
    at HTMLDocument.<anonymous> (https://docs.temenos.com/docs/Solutions/T24_Transact/Accounts/AC/Resources/docs/js/scripts.js:78:14)
    at e (https://docs.temenos.com/docs/Solutions/T24_Transact/Accounts/AC/Resources/Scripts/jquery.min.js:4:30005)
    at t (https://docs.temenos.com/docs/Solutions/T24_Transact/Accounts/AC/Resources/Scripts/jquery.min.js:4:30307) undefined @ https://docs.temenos.com/docs/Solutions/T24_Transact/Accounts/AC/Resources/Scripts/jquery.min.js:3
[    4033ms] [WARNING] jQuery.Deferred exception: Cannot read properties of null (reading 'remove') TypeError: Cannot read properties of null (reading 'remove')
    at clearcontent (https://docs.temenos.com/docs/Solutions/T24_Transact/Accounts/AC/Resources/docs/js/scripts.js:577:8)
    at HTMLDocument.<anonymous> (https://docs.temenos.com/docs/Solutions/T24_Transact/Accounts/AC/Resources/docs/js/scripts.js:588:4)
    at e (https://docs.temenos.com/docs/Solutions/T24_Transact/Accounts/AC/Resources/Scripts/jquery.min.js:4:30005)
    at t (https://docs.temenos.com/docs/Solutions/T24_Transact/Accounts/AC/Resources/Scripts/jquery.min.js:4:30307) undefined @ https://docs.temenos.com/docs/Solutions/T24_Transact/Accounts/AC/Resources/Scripts/jquery.min.js:3
[    4033ms] [WARNING] jQuery.Deferred exception: Cannot read properties of null (reading 'addEventListener') TypeError: Cannot read properties of null (reading 'addEventListener')
    at HTMLDocument.<anonymous> (https://docs.temenos.com/docs/Solutions/T24_Transact/Accounts/AC/Resources/docs/js/scripts.js:631:37)
    at e (https://docs.temenos.com/docs/Solutions/T24_Transact/Accounts/AC/Resources/Scripts/jquery.min.js:4:30005)
    at t (https://docs.temenos.com/docs/Solutions/T24_Transact/Accounts/AC/Resources/Scripts/jquery.min.js:4:30307) undefined @ https://docs.temenos.com/docs/Solutions/T24_Transact/Accounts/AC/Resources/Scripts/jquery.min.js:3
[    4048ms] TypeError: Cannot read properties of null (reading 'remove')
    at clearcontent (https://docs.temenos.com/docs/Solutions/T24_Transact/Accounts/AC/Resources/docs/js/scripts.js:577:8)
    at HTMLDocument.<anonymous> (https://docs.temenos.com/docs/js/ga.js:68:4)
    at e (https://docs.temenos.com/docs/Solutions/T24_Transact/Accounts/AC/Resources/Scripts/jquery.min.js:4:30005)
    at t (https://docs.temenos.com/docs/Solutions/T24_Transact/Accounts/AC/Resources/Scripts/jquery.min.js:4:30307)
[    4048ms] TypeError: Cannot read properties of null (reading 'addEventListener')
    at HTMLDocument.<anonymous> (https://docs.temenos.com/docs/Solutions/T24_Transact/Accounts/AC/Resources/docs/js/scripts.js:78:14)
    at e (https://docs.temenos.com/docs/Solutions/T24_Transact/Accounts/AC/Resources/Scripts/jquery.min.js:4:30005)
    at t (https://docs.temenos.com/docs/Solutions/T24_Transact/Accounts/AC/Resources/Scripts/jquery.min.js:4:30307)
[    4048ms] TypeError: Cannot read properties of null (reading 'remove')
    at clearcontent (https://docs.temenos.com/docs/Solutions/T24_Transact/Accounts/AC/Resources/docs/js/scripts.js:577:8)
    at HTMLDocument.<anonymous> (https://docs.temenos.com/docs/Solutions/T24_Transact/Accounts/AC/Resources/docs/js/scripts.js:588:4)
    at e (https://docs.temenos.com/docs/Solutions/T24_Transact/Accounts/AC/Resources/Scripts/jquery.min.js:4:30005)
    at t (https://docs.temenos.com/docs/Solutions/T24_Transact/Accounts/AC/Resources/Scripts/jquery.min.js:4:30307)
[    4048ms] TypeError: Cannot read properties of null (reading 'addEventListener')
    at HTMLDocument.<anonymous> (https://docs.temenos.com/docs/Solutions/T24_Transact/Accounts/AC/Resources/docs/js/scripts.js:631:37)
    at e (https://docs.temenos.com/docs/Solutions/T24_Transact/Accounts/AC/Resources/Scripts/jquery.min.js:4:30005)
    at t (https://docs.temenos.com/docs/Solutions/T24_Transact/Accounts/AC/Resources/Scripts/jquery.min.js:4:30307)
[    4689ms] Error: Syntax error, unrecognized expression: #
    at se.error (https://docs.temenos.com/docs/Solutions/T24_Transact/Accounts/AC/Resources/Scripts/jquery.min.js:4:13606)
    at se.tokenize (https://docs.temenos.com/docs/Solutions/T24_Transact/Accounts/AC/Resources/Scripts/jquery.min.js:4:21617)
    at se.select (https://docs.temenos.com/docs/Solutions/T24_Transact/Accounts/AC/Resources/Scripts/jquery.min.js:4:22444)
    at S.se [as find] (https://docs.temenos.com/docs/Solutions/T24_Transact/Accounts/AC/Resources/Scripts/jquery.min.js:4:7089)
    at S.fn.init.find (https://docs.temenos.com/docs/Solutions/T24_Transact/Accounts/AC/Resources/Scripts/jquery.min.js:4:25014)
    at new S.fn.init (https://docs.temenos.com/docs/Solutions/T24_Transact/Accounts/AC/Resources/Scripts/jquery.min.js:4:25503)
    at S (https://docs.temenos.com/docs/Solutions/T24_Transact/Accounts/AC/Resources/Scripts/jquery.min.js:4:1024)
    at HTMLDivElement.<anonymous> (https://docs.temenos.com/docs/Solutions/T24_Transact/Accounts/AC/Resources/docs/js/scripts.js:125:22)
    at r.complete (https://docs.temenos.com/docs/Solutions/T24_Transact/Accounts/AC/Resources/Scripts/jquery.min.js:4:62908)
    at c (https://docs.temenos.com/docs/Solutions/T24_Transact/Accounts/AC/Resources/Scripts/jquery.min.js:4:28294)
[   12093ms] [LOG] value in box  @ https://docs.temenos.com/docs/js/ga.js:39
