[    3187ms] Unexpected token 'export'
[    4001ms] TypeError: Cannot read properties of null (reading 'querySelector')
    at HTMLDocument.<anonymous> (https://docs.temenos.com/docs/Solutions/T24_Transact/Roles/Roles/Resources/docs/js/scripts.js:643:25)
[    4026ms] [WARNING] jQuery.Deferred exception: Cannot read properties of null (reading 'remove') TypeError: Cannot read properties of null (reading 'remove')
    at clearcontent (https://docs.temenos.com/docs/Solutions/T24_Transact/Roles/Roles/Resources/docs/js/scripts.js:577:8)
    at HTMLDocument.<anonymous> (https://docs.temenos.com/docs/js/ga.js:68:4)
    at e (https://docs.temenos.com/docs/Solutions/T24_Transact/Roles/Roles/Resources/Scripts/jquery.min.js:4:30005)
    at t (https://docs.temenos.com/docs/Solutions/T24_Transact/Roles/Roles/Resources/Scripts/jquery.min.js:4:30307) undefined @ https://docs.temenos.com/docs/Solutions/T24_Transact/Roles/Roles/Resources/Scripts/jquery.min.js:3
[    4030ms] [WARNING] jQuery.Deferred exception: Cannot read properties of null (reading 'addEventListener') TypeError: Cannot read properties of null (reading 'addEventListener')
    at HTMLDocument.<anonymous> (https://docs.temenos.com/docs/Solutions/T24_Transact/Roles/Roles/Resources/docs/js/scripts.js:78:14)
    at e (https://docs.temenos.com/docs/Solutions/T24_Transact/Roles/Roles/Resources/Scripts/jquery.min.js:4:30005)
    at t (https://docs.temenos.com/docs/Solutions/T24_Transact/Roles/Roles/Resources/Scripts/jquery.min.js:4:30307) undefined @ https://docs.temenos.com/docs/Solutions/T24_Transact/Roles/Roles/Resources/Scripts/jquery.min.js:3
[    4032ms] [WARNING] jQuery.Deferred exception: $(...).rwdImageMaps is not a function TypeError: $(...).rwdImageMaps is not a function
    at HTMLDocument.<anonymous> (https://docs.temenos.com/docs/Solutions/T24_Transact/Roles/Roles/Resources/docs/js/scripts.js:558:20)
    at e (https://docs.temenos.com/docs/Solutions/T24_Transact/Roles/Roles/Resources/Scripts/jquery.min.js:4:30005)
    at t (https://docs.temenos.com/docs/Solutions/T24_Transact/Roles/Roles/Resources/Scripts/jquery.min.js:4:30307) undefined @ https://docs.temenos.com/docs/Solutions/T24_Transact/Roles/Roles/Resources/Scripts/jquery.min.js:3
[    4032ms] [WARNING] jQuery.Deferred exception: Cannot read properties of null (reading 'remove') TypeError: Cannot read properties of null (reading 'remove')
    at clearcontent (https://docs.temenos.com/docs/Solutions/T24_Transact/Roles/Roles/Resources/docs/js/scripts.js:577:8)
    at HTMLDocument.<anonymous> (https://docs.temenos.com/docs/Solutions/T24_Transact/Roles/Roles/Resources/docs/js/scripts.js:588:4)
    at e (https://docs.temenos.com/docs/Solutions/T24_Transact/Roles/Roles/Resources/Scripts/jquery.min.js:4:30005)
    at t (https://docs.temenos.com/docs/Solutions/T24_Transact/Roles/Roles/Resources/Scripts/jquery.min.js:4:30307) undefined @ https://docs.temenos.com/docs/Solutions/T24_Transact/Roles/Roles/Resources/Scripts/jquery.min.js:3
[    4032ms] [WARNING] jQuery.Deferred exception: Cannot read properties of null (reading 'addEventListener') TypeError: Cannot read properties of null (reading 'addEventListener')
    at HTMLDocument.<anonymous> (https://docs.temenos.com/docs/Solutions/T24_Transact/Roles/Roles/Resources/docs/js/scripts.js:631:37)
    at e (https://docs.temenos.com/docs/Solutions/T24_Transact/Roles/Roles/Resources/Scripts/jquery.min.js:4:30005)
    at t (https://docs.temenos.com/docs/Solutions/T24_Transact/Roles/Roles/Resources/Scripts/jquery.min.js:4:30307) undefined @ https://docs.temenos.com/docs/Solutions/T24_Transact/Roles/Roles/Resources/Scripts/jquery.min.js:3
[    4050ms] TypeError: Cannot read properties of null (reading 'remove')
    at clearcontent (https://docs.temenos.com/docs/Solutions/T24_Transact/Roles/Roles/Resources/docs/js/scripts.js:577:8)
    at HTMLDocument.<anonymous> (https://docs.temenos.com/docs/js/ga.js:68:4)
    at e (https://docs.temenos.com/docs/Solutions/T24_Transact/Roles/Roles/Resources/Scripts/jquery.min.js:4:30005)
    at t (https://docs.temenos.com/docs/Solutions/T24_Transact/Roles/Roles/Resources/Scripts/jquery.min.js:4:30307)
[    4050ms] TypeError: Cannot read properties of null (reading 'addEventListener')
    at HTMLDocument.<anonymous> (https://docs.temenos.com/docs/Solutions/T24_Transact/Roles/Roles/Resources/docs/js/scripts.js:78:14)
    at e (https://docs.temenos.com/docs/Solutions/T24_Transact/Roles/Roles/Resources/Scripts/jquery.min.js:4:30005)
    at t (https://docs.temenos.com/docs/Solutions/T24_Transact/Roles/Roles/Resources/Scripts/jquery.min.js:4:30307)
[    4050ms] TypeError: $(...).rwdImageMaps is not a function
    at HTMLDocument.<anonymous> (https://docs.temenos.com/docs/Solutions/T24_Transact/Roles/Roles/Resources/docs/js/scripts.js:558:20)
    at e (https://docs.temenos.com/docs/Solutions/T24_Transact/Roles/Roles/Resources/Scripts/jquery.min.js:4:30005)
    at t (https://docs.temenos.com/docs/Solutions/T24_Transact/Roles/Roles/Resources/Scripts/jquery.min.js:4:30307)
[    4050ms] TypeError: Cannot read properties of null (reading 'remove')
    at clearcontent (https://docs.temenos.com/docs/Solutions/T24_Transact/Roles/Roles/Resources/docs/js/scripts.js:577:8)
    at HTMLDocument.<anonymous> (https://docs.temenos.com/docs/Solutions/T24_Transact/Roles/Roles/Resources/docs/js/scripts.js:588:4)
    at e (https://docs.temenos.com/docs/Solutions/T24_Transact/Roles/Roles/Resources/Scripts/jquery.min.js:4:30005)
    at t (https://docs.temenos.com/docs/Solutions/T24_Transact/Roles/Roles/Resources/Scripts/jquery.min.js:4:30307)
[    4050ms] TypeError: Cannot read properties of null (reading 'addEventListener')
    at HTMLDocument.<anonymous> (https://docs.temenos.com/docs/Solutions/T24_Transact/Roles/Roles/Resources/docs/js/scripts.js:631:37)
    at e (https://docs.temenos.com/docs/Solutions/T24_Transact/Roles/Roles/Resources/Scripts/jquery.min.js:4:30005)
    at t (https://docs.temenos.com/docs/Solutions/T24_Transact/Roles/Roles/Resources/Scripts/jquery.min.js:4:30307)
[    4725ms] Error: Syntax error, unrecognized expression: #
    at se.error (https://docs.temenos.com/docs/Solutions/T24_Transact/Roles/Roles/Resources/Scripts/jquery.min.js:4:13606)
    at se.tokenize (https://docs.temenos.com/docs/Solutions/T24_Transact/Roles/Roles/Resources/Scripts/jquery.min.js:4:21617)
    at se.select (https://docs.temenos.com/docs/Solutions/T24_Transact/Roles/Roles/Resources/Scripts/jquery.min.js:4:22444)
    at S.se [as find] (https://docs.temenos.com/docs/Solutions/T24_Transact/Roles/Roles/Resources/Scripts/jquery.min.js:4:7089)
    at S.fn.init.find (https://docs.temenos.com/docs/Solutions/T24_Transact/Roles/Roles/Resources/Scripts/jquery.min.js:4:25014)
    at new S.fn.init (https://docs.temenos.com/docs/Solutions/T24_Transact/Roles/Roles/Resources/Scripts/jquery.min.js:4:25503)
    at S (https://docs.temenos.com/docs/Solutions/T24_Transact/Roles/Roles/Resources/Scripts/jquery.min.js:4:1024)
    at HTMLDivElement.<anonymous> (https://docs.temenos.com/docs/Solutions/T24_Transact/Roles/Roles/Resources/docs/js/scripts.js:125:22)
    at r.complete (https://docs.temenos.com/docs/Solutions/T24_Transact/Roles/Roles/Resources/Scripts/jquery.min.js:4:62908)
    at c (https://docs.temenos.com/docs/Solutions/T24_Transact/Roles/Roles/Resources/Scripts/jquery.min.js:4:28294)
[   12487ms] [LOG] value in box  @ https://docs.temenos.com/docs/js/ga.js:39
[  185608ms] Unexpected token 'export'
[  185660ms] TypeError: Cannot read properties of null (reading 'querySelector')
    at HTMLDocument.<anonymous> (https://docs.temenos.com/docs/Solutions/T24_Transact/Roles/Roles/Resources/docs/js/scripts.js:643:25)
[  185664ms] [WARNING] jQuery.Deferred exception: Cannot read properties of null (reading 'remove') TypeError: Cannot read properties of null (reading 'remove')
    at clearcontent (https://docs.temenos.com/docs/Solutions/T24_Transact/Roles/Roles/Resources/docs/js/scripts.js:577:8)
    at HTMLDocument.<anonymous> (https://docs.temenos.com/docs/js/ga.js:68:4)
    at e (https://docs.temenos.com/docs/Solutions/T24_Transact/Roles/Roles/Resources/Scripts/jquery.min.js:4:30005)
    at t (https://docs.temenos.com/docs/Solutions/T24_Transact/Roles/Roles/Resources/Scripts/jquery.min.js:4:30307) undefined @ https://docs.temenos.com/docs/Solutions/T24_Transact/Roles/Roles/Resources/Scripts/jquery.min.js:3
[  185670ms] [WARNING] jQuery.Deferred exception: Cannot read properties of null (reading 'addEventListener') TypeError: Cannot read properties of null (reading 'addEventListener')
    at HTMLDocument.<anonymous> (https://docs.temenos.com/docs/Solutions/T24_Transact/Roles/Roles/Resources/docs/js/scripts.js:78:14)
    at e (https://docs.temenos.com/docs/Solutions/T24_Transact/Roles/Roles/Resources/Scripts/jquery.min.js:4:30005)
    at t (https://docs.temenos.com/docs/Solutions/T24_Transact/Roles/Roles/Resources/Scripts/jquery.min.js:4:30307) undefined @ https://docs.temenos.com/docs/Solutions/T24_Transact/Roles/Roles/Resources/Scripts/jquery.min.js:3
[  185672ms] [WARNING] jQuery.Deferred exception: $(...).rwdImageMaps is not a function TypeError: $(...).rwdImageMaps is not a function
    at HTMLDocument.<anonymous> (https://docs.temenos.com/docs/Solutions/T24_Transact/Roles/Roles/Resources/docs/js/scripts.js:558:20)
    at e (https://docs.temenos.com/docs/Solutions/T24_Transact/Roles/Roles/Resources/Scripts/jquery.min.js:4:30005)
    at t (https://docs.temenos.com/docs/Solutions/T24_Transact/Roles/Roles/Resources/Scripts/jquery.min.js:4:30307) undefined @ https://docs.temenos.com/docs/Solutions/T24_Transact/Roles/Roles/Resources/Scripts/jquery.min.js:3
[  185672ms] [WARNING] jQuery.Deferred exception: Cannot read properties of null (reading 'remove') TypeError: Cannot read properties of null (reading 'remove')
    at clearcontent (https://docs.temenos.com/docs/Solutions/T24_Transact/Roles/Roles/Resources/docs/js/scripts.js:577:8)
    at HTMLDocument.<anonymous> (https://docs.temenos.com/docs/Solutions/T24_Transact/Roles/Roles/Resources/docs/js/scripts.js:588:4)
    at e (https://docs.temenos.com/docs/Solutions/T24_Transact/Roles/Roles/Resources/Scripts/jquery.min.js:4:30005)
    at t (https://docs.temenos.com/docs/Solutions/T24_Transact/Roles/Roles/Resources/Scripts/jquery.min.js:4:30307) undefined @ https://docs.temenos.com/docs/Solutions/T24_Transact/Roles/Roles/Resources/Scripts/jquery.min.js:3
[  185672ms] [WARNING] jQuery.Deferred exception: Cannot read properties of null (reading 'addEventListener') TypeError: Cannot read properties of null (reading 'addEventListener')
    at HTMLDocument.<anonymous> (https://docs.temenos.com/docs/Solutions/T24_Transact/Roles/Roles/Resources/docs/js/scripts.js:631:37)
    at e (https://docs.temenos.com/docs/Solutions/T24_Transact/Roles/Roles/Resources/Scripts/jquery.min.js:4:30005)
    at t (https://docs.temenos.com/docs/Solutions/T24_Transact/Roles/Roles/Resources/Scripts/jquery.min.js:4:30307) undefined @ https://docs.temenos.com/docs/Solutions/T24_Transact/Roles/Roles/Resources/Scripts/jquery.min.js:3
[  185684ms] TypeError: Cannot read properties of null (reading 'remove')
    at clearcontent (https://docs.temenos.com/docs/Solutions/T24_Transact/Roles/Roles/Resources/docs/js/scripts.js:577:8)
    at HTMLDocument.<anonymous> (https://docs.temenos.com/docs/js/ga.js:68:4)
    at e (https://docs.temenos.com/docs/Solutions/T24_Transact/Roles/Roles/Resources/Scripts/jquery.min.js:4:30005)
    at t (https://docs.temenos.com/docs/Solutions/T24_Transact/Roles/Roles/Resources/Scripts/jquery.min.js:4:30307)
[  185684ms] TypeError: Cannot read properties of null (reading 'addEventListener')
    at HTMLDocument.<anonymous> (https://docs.temenos.com/docs/Solutions/T24_Transact/Roles/Roles/Resources/docs/js/scripts.js:78:14)
    at e (https://docs.temenos.com/docs/Solutions/T24_Transact/Roles/Roles/Resources/Scripts/jquery.min.js:4:30005)
    at t (https://docs.temenos.com/docs/Solutions/T24_Transact/Roles/Roles/Resources/Scripts/jquery.min.js:4:30307)
[  185684ms] TypeError: $(...).rwdImageMaps is not a function
    at HTMLDocument.<anonymous> (https://docs.temenos.com/docs/Solutions/T24_Transact/Roles/Roles/Resources/docs/js/scripts.js:558:20)
    at e (https://docs.temenos.com/docs/Solutions/T24_Transact/Roles/Roles/Resources/Scripts/jquery.min.js:4:30005)
    at t (https://docs.temenos.com/docs/Solutions/T24_Transact/Roles/Roles/Resources/Scripts/jquery.min.js:4:30307)
[  185684ms] TypeError: Cannot read properties of null (reading 'remove')
    at clearcontent (https://docs.temenos.com/docs/Solutions/T24_Transact/Roles/Roles/Resources/docs/js/scripts.js:577:8)
    at HTMLDocument.<anonymous> (https://docs.temenos.com/docs/Solutions/T24_Transact/Roles/Roles/Resources/docs/js/scripts.js:588:4)
    at e (https://docs.temenos.com/docs/Solutions/T24_Transact/Roles/Roles/Resources/Scripts/jquery.min.js:4:30005)
    at t (https://docs.temenos.com/docs/Solutions/T24_Transact/Roles/Roles/Resources/Scripts/jquery.min.js:4:30307)
[  185684ms] TypeError: Cannot read properties of null (reading 'addEventListener')
    at HTMLDocument.<anonymous> (https://docs.temenos.com/docs/Solutions/T24_Transact/Roles/Roles/Resources/docs/js/scripts.js:631:37)
    at e (https://docs.temenos.com/docs/Solutions/T24_Transact/Roles/Roles/Resources/Scripts/jquery.min.js:4:30005)
    at t (https://docs.temenos.com/docs/Solutions/T24_Transact/Roles/Roles/Resources/Scripts/jquery.min.js:4:30307)
[  186373ms] Error: Syntax error, unrecognized expression: #
    at se.error (https://docs.temenos.com/docs/Solutions/T24_Transact/Roles/Roles/Resources/Scripts/jquery.min.js:4:13606)
    at se.tokenize (https://docs.temenos.com/docs/Solutions/T24_Transact/Roles/Roles/Resources/Scripts/jquery.min.js:4:21617)
    at se.select (https://docs.temenos.com/docs/Solutions/T24_Transact/Roles/Roles/Resources/Scripts/jquery.min.js:4:22444)
    at S.se [as find] (https://docs.temenos.com/docs/Solutions/T24_Transact/Roles/Roles/Resources/Scripts/jquery.min.js:4:7089)
    at S.fn.init.find (https://docs.temenos.com/docs/Solutions/T24_Transact/Roles/Roles/Resources/Scripts/jquery.min.js:4:25014)
    at new S.fn.init (https://docs.temenos.com/docs/Solutions/T24_Transact/Roles/Roles/Resources/Scripts/jquery.min.js:4:25503)
    at S (https://docs.temenos.com/docs/Solutions/T24_Transact/Roles/Roles/Resources/Scripts/jquery.min.js:4:1024)
    at HTMLDivElement.<anonymous> (https://docs.temenos.com/docs/Solutions/T24_Transact/Roles/Roles/Resources/docs/js/scripts.js:125:22)
    at r.complete (https://docs.temenos.com/docs/Solutions/T24_Transact/Roles/Roles/Resources/Scripts/jquery.min.js:4:62908)
    at c (https://docs.temenos.com/docs/Solutions/T24_Transact/Roles/Roles/Resources/Scripts/jquery.min.js:4:28294)
[  195610ms] [LOG] value in box  @ https://docs.temenos.com/docs/js/ga.js:39
