[     338ms] [INFO] Loading the script 'https://docs.temenos.com/bundles/modernizr?v=inCVuEFe6J4Q07A0AcRsbJic_UE5MwpRMNGcOtk94TE1' violates the following Content Security Policy directive: "script-src 'unsafe-inline' 'unsafe-eval'". Note that 'script-src-elem' was not explicitly set, so 'script-src' is used as a fallback. The policy is report-only, so the violation has been logged but no further action has been taken. @ https://docs.temenos.com/Account/Login?ReturnUrl=%2Fdocs%2Findex.html:0
[     630ms] [INFO] Loading the script 'https://docs.temenos.com/classimax/js/jquery.min.js' violates the following Content Security Policy directive: "script-src 'unsafe-inline' 'unsafe-eval'". Note that 'script-src-elem' was not explicitly set, so 'script-src' is used as a fallback. The policy is report-only, so the violation has been logged but no further action has been taken. @ https://docs.temenos.com/Account/Login?ReturnUrl=%2Fdocs%2Findex.html:0
[     653ms] [ERROR] Refused to apply style from 'https://docs.temenos.com/Account/Login?ReturnUrl=%2Fvideoclassimax%2Fcss%2Fstyle.css' because its MIME type ('text/html') is not a supported stylesheet MIME type, and strict MIME checking is enabled. @ https://docs.temenos.com/Account/Login?ReturnUrl=%2Fdocs%2Findex.html:0
[     655ms] [INFO] Loading the script 'https://docs.temenos.com/classimax/js/bootstrap.min.js' violates the following Content Security Policy directive: "script-src 'unsafe-inline' 'unsafe-eval'". Note that 'script-src-elem' was not explicitly set, so 'script-src' is used as a fallback. The policy is report-only, so the violation has been logged but no further action has been taken. @ https://docs.temenos.com/Account/Login?ReturnUrl=%2Fdocs%2Findex.html:0
[     682ms] [INFO] Loading the script 'https://cdn.jsdelivr.net/npm/js-cookie@2/src/js.cookie.min.js' violates the following Content Security Policy directive: "script-src 'unsafe-inline' 'unsafe-eval'". Note that 'script-src-elem' was not explicitly set, so 'script-src' is used as a fallback. The policy is report-only, so the violation has been logged but no further action has been taken. @ https://docs.temenos.com/Account/Login?ReturnUrl=%2Fdocs%2Findex.html:0
[     682ms] [INFO] Loading the script 'https://cdn.cookielaw.org/scripttemplates/otSDKStub.js' violates the following Content Security Policy directive: "script-src 'unsafe-inline' 'unsafe-eval'". Note that 'script-src-elem' was not explicitly set, so 'script-src' is used as a fallback. The policy is report-only, so the violation has been logged but no further action has been taken. @ https://docs.temenos.com/Account/Login?ReturnUrl=%2Fdocs%2Findex.html:0
[     684ms] [INFO] Loading the script 'https://docs.temenos.com/bundles/jquery?v=N2YlHnRI7it2_JoqUZTYWxPtx-s61zIGkk78Q0eabPM1' violates the following Content Security Policy directive: "script-src 'unsafe-inline' 'unsafe-eval'". Note that 'script-src-elem' was not explicitly set, so 'script-src' is used as a fallback. The policy is report-only, so the violation has been logged but no further action has been taken. @ https://docs.temenos.com/Account/Login?ReturnUrl=%2Fdocs%2Findex.html:0
[     686ms] [INFO] Loading the script 'https://docs.temenos.com/bundles/bootstrap?v=M4Nk6kIOwMFflsEKET0iPL9i5YBqbzMzvUOrd8gyCnw1' violates the following Content Security Policy directive: "script-src 'unsafe-inline' 'unsafe-eval'". Note that 'script-src-elem' was not explicitly set, so 'script-src' is used as a fallback. The policy is report-only, so the violation has been logged but no further action has been taken. @ https://docs.temenos.com/Account/Login?ReturnUrl=%2Fdocs%2Findex.html:0
[     686ms] [INFO] Loading the script 'https://docs.temenos.com/bundles/jqueryval?v=ewwbEwxCzNIunbw9c2Y5X5_ldbOkIBIkUo-LvchX7I81' violates the following Content Security Policy directive: "script-src 'unsafe-inline' 'unsafe-eval'". Note that 'script-src-elem' was not explicitly set, so 'script-src' is used as a fallback. The policy is report-only, so the violation has been logged but no further action has been taken. @ https://docs.temenos.com/Account/Login?ReturnUrl=%2Fdocs%2Findex.html:0
[     687ms] [INFO] Loading the script 'https://az416426.vo.msecnd.net/scripts/a/ai.0.js' violates the following Content Security Policy directive: "script-src 'unsafe-inline' 'unsafe-eval'". Note that 'script-src-elem' was not explicitly set, so 'script-src' is used as a fallback. The policy is report-only, so the violation has been logged but no further action has been taken. @ https://docs.temenos.com/Account/Login?ReturnUrl=%2Fdocs%2Findex.html:44
[     715ms] [INFO] Loading the script 'https://cdn.cookielaw.org/scripttemplates/202601.1.0/otBannerSdk.js' violates the following Content Security Policy directive: "script-src 'unsafe-inline' 'unsafe-eval'". Note that 'script-src-elem' was not explicitly set, so 'script-src' is used as a fallback. The policy is report-only, so the violation has been logged but no further action has been taken. @ https://cdn.cookielaw.org/scripttemplates/otSDKStub.js:0
[   19630ms] [WARNING] Error parsing a meta element's content: ';' is not a valid key-value pair separator. Please use ',' instead. @ https://tcspsts.temenos.com/adfs/ls/?wtrealm=https%3A%2F%2Fdocs.temenos.com&wctx=WsFedOwinState%3D4xPdMKjuASabVN6oq6cQHmUc21_FkyWw2HGl6bn2RlkpeniiUVubu7rNMy_UbtmN-cPqLnPaXpoaYXLLdeQSWJ2FxypzVWS1lyfxH4I0ZGgg6UXPLulxp_QvwjAwAl-yHrT_xZv9oqADYBrFMnWPzFVZUc0eNdGm7K7dBIiu-5k&wa=wsignin1.0:536
[   19634ms] [LOG] myCustomFile.js loaded successfully! @ https://tcspsts.temenos.com/adfs/ls/?wtrealm=https%3A%2F%2Fdocs.temenos.com&wctx=WsFedOwinState%3D4xPdMKjuASabVN6oq6cQHmUc21_FkyWw2HGl6bn2RlkpeniiUVubu7rNMy_UbtmN-cPqLnPaXpoaYXLLdeQSWJ2FxypzVWS1lyfxH4I0ZGgg6UXPLulxp_QvwjAwAl-yHrT_xZv9oqADYBrFMnWPzFVZUc0eNdGm7K7dBIiu-5k&wa=wsignin1.0:977
[   19668ms] [ERROR] Connecting to 'https://geolocation.onetrust.com/cookieconsentpub/v1/geo/location' violates the following Content Security Policy directive: "default-src 'self' 'unsafe-inline' 'unsafe-eval' https://cdn.cookielaw.org". Note that 'connect-src' was not explicitly set, so 'default-src' is used as a fallback. The action has been blocked. @ https://cdn.cookielaw.org/scripttemplates/otSDKStub.js:0
[   19705ms] [ERROR] Failed to load resource: the server responded with a status of 404 (Not Found) @ https://tcspsts.temenos.com/favicon.ico:0
[   19780ms] [ERROR] Loading the image 'https://cdn.cookielaw.org/logos/static/ot_close.svg' violates the following Content Security Policy directive: "img-src 'self' data:". The action has been blocked. @ https://cdn.cookielaw.org/scripttemplates/202601.2.0/otBannerSdk.js:6
[   19784ms] [ERROR] Loading the image 'https://cdn.cookielaw.org/logos/cb2759dd-7a98-4654-a071-975fce55542a/01993e4a-eb2e-7f35-a3ad-04630df45bf8/960ff666-8629-423d-8324-21eaf6417fcc/logo-temenos.jpg' violates the following Content Security Policy directive: "img-src 'self' data:". The action has been blocked. @ https://cdn.cookielaw.org/scripttemplates/202601.2.0/otBannerSdk.js:6
[   19785ms] [ERROR] Loading the image 'https://cdn.cookielaw.org/logos/static/powered_by_logo.svg' violates the following Content Security Policy directive: "img-src 'self' data:". The action has been blocked. @ https://cdn.cookielaw.org/scripttemplates/202601.2.0/otBannerSdk.js:6
[   41372ms] [WARNING] jQuery.Deferred exception: Toc is not defined ReferenceError: Toc is not defined
    at HTMLDocument.<anonymous> (https://docs.temenos.com/docs/js/scriptsHome.js:120:2)
    at e (https://docs.temenos.com/docs/js/jquery_min.js:2:26990)
    at t (https://docs.temenos.com/docs/js/jquery_min.js:2:27292) undefined @ https://docs.temenos.com/docs/js/jquery_min.js:1
[   41373ms] [WARNING] jQuery.Deferred exception: Cannot read properties of null (reading 'remove') TypeError: Cannot read properties of null (reading 'remove')
    at clearcontent (https://docs.temenos.com/docs/js/scriptsHome.js:224:7)
    at HTMLDocument.<anonymous> (https://docs.temenos.com/docs/js/ga.js:68:4)
    at e (https://docs.temenos.com/docs/js/jquery_min.js:2:26990)
    at t (https://docs.temenos.com/docs/js/jquery_min.js:2:27292) undefined @ https://docs.temenos.com/docs/js/jquery_min.js:1
[   41376ms] ReferenceError: Toc is not defined
    at HTMLDocument.<anonymous> (https://docs.temenos.com/docs/js/scriptsHome.js:120:2)
    at e (https://docs.temenos.com/docs/js/jquery_min.js:2:26990)
    at t (https://docs.temenos.com/docs/js/jquery_min.js:2:27292)
[   41376ms] TypeError: Cannot read properties of null (reading 'remove')
    at clearcontent (https://docs.temenos.com/docs/js/scriptsHome.js:224:7)
    at HTMLDocument.<anonymous> (https://docs.temenos.com/docs/js/ga.js:68:4)
    at e (https://docs.temenos.com/docs/js/jquery_min.js:2:26990)
    at t (https://docs.temenos.com/docs/js/jquery_min.js:2:27292)
[   51366ms] [LOG] value in box  @ https://docs.temenos.com/docs/js/ga.js:39
[   82306ms] [LOG] value in box model bank user roles @ https://docs.temenos.com/docs/js/ga.js:39
