[   12533ms] ReferenceError: AOS is not defined
    at https://docs.temenos.com/docs/Search.php?start=0&rows=100&facet.field=category&q=%22Tasks%20for%22:4451:5
[   12536ms] [WARNING] jQuery.Deferred exception: Cannot read properties of null (reading 'remove') TypeError: Cannot read properties of null (reading 'remove')
    at clearcontent (https://docs.temenos.com/docs/js/scripts_Search.js:135:7)
    at HTMLDocument.<anonymous> (https://docs.temenos.com/docs/js/scripts_Search.js:146:1)
    at j (https://cdnjs.cloudflare.com/ajax/libs/jquery/3.2.1/jquery.min.js:2:29999)
    at https://cdnjs.cloudflare.com/ajax/libs/jquery/3.2.1/jquery.min.js:2:30313 undefined @ https://cdnjs.cloudflare.com/ajax/libs/jquery/3.2.1/jquery.min.js:1
[   12539ms] [WARNING] jQuery.Deferred exception: pageNumber is not defined ReferenceError: pageNumber is not defined
    at HTMLDocument.<anonymous> (https://docs.temenos.com/docs/Search.php?start=0&rows=100&facet.field=category&q=%22Tasks%20for%22:4320:59)
    at j (https://cdnjs.cloudflare.com/ajax/libs/jquery/3.2.1/jquery.min.js:2:29999)
    at https://cdnjs.cloudflare.com/ajax/libs/jquery/3.2.1/jquery.min.js:2:30313 undefined @ https://cdnjs.cloudflare.com/ajax/libs/jquery/3.2.1/jquery.min.js:1
[   12552ms] Uncaught TypeError: Cannot read properties of null (reading 'remove')
    at clearcontent (https://docs.temenos.com/docs/js/scripts_Search.js:134:6)
    at <anonymous> (https://docs.temenos.com/docs/js/scripts_Search.js:145:0)
    at j (https://cdnjs.cloudflare.com/ajax/libs/jquery/3.2.1/jquery.min.js:1:29998)
    at <anonymous> (https://cdnjs.cloudflare.com/ajax/libs/jquery/3.2.1/jquery.min.js:1:30312)
[   12552ms] Uncaught ReferenceError: pageNumber is not defined
    at <anonymous> (https://docs.temenos.com/docs/Search.php?start=0&rows=100&facet.field=category&q=%22Tasks%20for%22:4319:58)
    at j (https://cdnjs.cloudflare.com/ajax/libs/jquery/3.2.1/jquery.min.js:1:29998)
    at <anonymous> (https://cdnjs.cloudflare.com/ajax/libs/jquery/3.2.1/jquery.min.js:1:30312)
[  285460ms] ReferenceError: AOS is not defined
    at https://docs.temenos.com/docs/Search.php?start=0&rows=10&facet.field=category&lastfq=&q=TEMENOS+Reference+Processes+Inventory&start=0&rows=10&facet.field=category&lastfq=:1812:5
[  285463ms] [WARNING] jQuery.Deferred exception: Cannot read properties of null (reading 'remove') TypeError: Cannot read properties of null (reading 'remove')
    at clearcontent (https://docs.temenos.com/docs/js/scripts_Search.js:135:7)
    at HTMLDocument.<anonymous> (https://docs.temenos.com/docs/js/scripts_Search.js:146:1)
    at j (https://cdnjs.cloudflare.com/ajax/libs/jquery/3.2.1/jquery.min.js:2:29999)
    at https://cdnjs.cloudflare.com/ajax/libs/jquery/3.2.1/jquery.min.js:2:30313 undefined @ https://cdnjs.cloudflare.com/ajax/libs/jquery/3.2.1/jquery.min.js:1
[  285466ms] [WARNING] jQuery.Deferred exception: pageNumber is not defined ReferenceError: pageNumber is not defined
    at HTMLDocument.<anonymous> (https://docs.temenos.com/docs/Search.php?start=0&rows=10&facet.field=category&lastfq=&q=TEMENOS+Reference+Processes+Inventory&start=0&rows=10&facet.field=category&lastfq=:1681:59)
    at j (https://cdnjs.cloudflare.com/ajax/libs/jquery/3.2.1/jquery.min.js:2:29999)
    at https://cdnjs.cloudflare.com/ajax/libs/jquery/3.2.1/jquery.min.js:2:30313 undefined @ https://cdnjs.cloudflare.com/ajax/libs/jquery/3.2.1/jquery.min.js:1
[  285472ms] Uncaught TypeError: Cannot read properties of null (reading 'remove')
    at clearcontent (https://docs.temenos.com/docs/js/scripts_Search.js:134:6)
    at <anonymous> (https://docs.temenos.com/docs/js/scripts_Search.js:145:0)
    at j (https://cdnjs.cloudflare.com/ajax/libs/jquery/3.2.1/jquery.min.js:1:29998)
    at <anonymous> (https://cdnjs.cloudflare.com/ajax/libs/jquery/3.2.1/jquery.min.js:1:30312)
[  285472ms] Uncaught ReferenceError: pageNumber is not defined
    at <anonymous> (https://docs.temenos.com/docs/Search.php?start=0&rows=10&facet.field=category&lastfq=&q=TEMENOS+Reference+Processes+Inventory&start=0&rows=10&facet.field=category&lastfq=:1680:58)
    at j (https://cdnjs.cloudflare.com/ajax/libs/jquery/3.2.1/jquery.min.js:1:29998)
    at <anonymous> (https://cdnjs.cloudflare.com/ajax/libs/jquery/3.2.1/jquery.min.js:1:30312)
